E, [2015-02-18T10:21:10.594276 #16187] ERROR -- Kitchen: ------Exception-------
E, [2015-02-18T10:21:10.594352 #16187] ERROR -- Kitchen: Class: Kitchen::UserError
E, [2015-02-18T10:21:10.594376 #16187] ERROR -- Kitchen: Message: Kitchen YAML file /home/pak/Dev/Assembly/coderwall/.kitchen.yml does not exist.
E, [2015-02-18T10:21:10.594393 #16187] ERROR -- Kitchen: ------Backtrace-------
E, [2015-02-18T10:21:10.594411 #16187] ERROR -- Kitchen: /opt/chefdk/embedded/apps/test-kitchen/lib/kitchen/loader/yaml.rb:74:in `read'
E, [2015-02-18T10:21:10.594425 #16187] ERROR -- Kitchen: /opt/chefdk/embedded/apps/test-kitchen/lib/kitchen/config.rb:139:in `data'
E, [2015-02-18T10:21:10.594439 #16187] ERROR -- Kitchen: /opt/chefdk/embedded/apps/test-kitchen/lib/kitchen/config.rb:118:in `suites'
E, [2015-02-18T10:21:10.594452 #16187] ERROR -- Kitchen: /opt/chefdk/embedded/apps/test-kitchen/lib/kitchen/config.rb:169:in `filter_instances'
E, [2015-02-18T10:21:10.594466 #16187] ERROR -- Kitchen: /opt/chefdk/embedded/apps/test-kitchen/lib/kitchen/config.rb:128:in `build_instances'
E, [2015-02-18T10:21:10.594479 #16187] ERROR -- Kitchen: /opt/chefdk/embedded/apps/test-kitchen/lib/kitchen/config.rb:104:in `instances'
E, [2015-02-18T10:21:10.594499 #16187] ERROR -- Kitchen: /opt/chefdk/embedded/apps/test-kitchen/lib/kitchen/command.rb:115:in `filtered_instances'
E, [2015-02-18T10:21:10.594513 #16187] ERROR -- Kitchen: /opt/chefdk/embedded/apps/test-kitchen/lib/kitchen/command.rb:145:in `parse_subcommand'
E, [2015-02-18T10:21:10.594526 #16187] ERROR -- Kitchen: /opt/chefdk/embedded/apps/test-kitchen/lib/kitchen/command/list.rb:32:in `call'
E, [2015-02-18T10:21:10.594542 #16187] ERROR -- Kitchen: /opt/chefdk/embedded/apps/test-kitchen/lib/kitchen/cli.rb:56:in `perform'
E, [2015-02-18T10:21:10.594555 #16187] ERROR -- Kitchen: /opt/chefdk/embedded/apps/test-kitchen/lib/kitchen/cli.rb:97:in `list'
E, [2015-02-18T10:21:10.594568 #16187] ERROR -- Kitchen: /opt/chefdk/embedded/lib/ruby/gems/2.1.0/gems/thor-0.19.1/lib/thor/command.rb:27:in `run'
E, [2015-02-18T10:21:10.594582 #16187] ERROR -- Kitchen: /opt/chefdk/embedded/lib/ruby/gems/2.1.0/gems/thor-0.19.1/lib/thor/invocation.rb:126:in `invoke_command'
E, [2015-02-18T10:21:10.594595 #16187] ERROR -- Kitchen: /opt/chefdk/embedded/apps/test-kitchen/lib/kitchen/cli.rb:304:in `invoke_task'
E, [2015-02-18T10:21:10.594608 #16187] ERROR -- Kitchen: /opt/chefdk/embedded/lib/ruby/gems/2.1.0/gems/thor-0.19.1/lib/thor.rb:359:in `dispatch'
E, [2015-02-18T10:21:10.594621 #16187] ERROR -- Kitchen: /opt/chefdk/embedded/lib/ruby/gems/2.1.0/gems/thor-0.19.1/lib/thor/base.rb:440:in `start'
E, [2015-02-18T10:21:10.594634 #16187] ERROR -- Kitchen: /opt/chefdk/embedded/apps/test-kitchen/bin/kitchen:13:in `block in <top (required)>'
E, [2015-02-18T10:21:10.594649 #16187] ERROR -- Kitchen: /opt/chefdk/embedded/apps/test-kitchen/lib/kitchen/errors.rb:154:in `with_friendly_errors'
E, [2015-02-18T10:21:10.594663 #16187] ERROR -- Kitchen: /opt/chefdk/embedded/apps/test-kitchen/bin/kitchen:13:in `<top (required)>'
E, [2015-02-18T10:21:10.594676 #16187] ERROR -- Kitchen: /usr/bin/kitchen:15:in `load'
E, [2015-02-18T10:21:10.594689 #16187] ERROR -- Kitchen: /usr/bin/kitchen:15:in `<main>'
E, [2015-02-18T10:21:10.594703 #16187] ERROR -- Kitchen: ----------------------
